{
  "RSpec": {
    "coverage": {
      "/workspaces/managers_system/config/environment.rb": {
        "lines": [
          null,
          null,
          null,
          1,
          null,
          null,
          1
        ]
      },
      "/workspaces/managers_system/config/application.rb": {
        "lines": [
          null,
          null,
          1,
          null,
          1,
          null,
          1,
          1,
          1,
          1,
          1,
          1,
          1,
          1,
          1,
          1,
          null,
          null,
          null,
          null,
          1,
          null,
          1,
          1,
          null,
          1,
          null,
          null,
          null,
          null,
          1,
          null,
          null,
          null,
          null,
          null,
          null,
          null,
          null,
          null,
          null,
          1,
          1,
          null,
          null
        ]
      },
      "/workspaces/managers_system/config/boot.rb": {
        "lines": [
          null,
          null,
          1,
          null,
          1,
          1
        ]
      },
      "/workspaces/managers_system/config/environments/test.rb": {
        "lines": [
          null,
          null,
          1,
          null,
          null,
          null,
          null,
          null,
          null,
          1,
          null,
          null,
          null,
          1,
          null,
          null,
          null,
          null,
          null,
          1,
          null,
          null,
          1,
          null,
          null,
          1,
          1,
          1,
          null,
          null,
          1,
          null,
          null,
          1,
          null,
          null,
          1,
          null,
          null,
          null,
          1,
          null,
          null,
          null,
          null,
          1,
          null,
          null,
          null,
          1,
          null,
          null,
          1,
          null,
          null,
          1,
          null,
          null,
          1,
          null,
          null,
          null,
          null,
          null,
          null,
          null,
          null,
          1,
          null
        ]
      },
      "/workspaces/managers_system/config/initializers/assets.rb": {
        "lines": [
          null,
          null,
          null,
          null,
          null,
          1,
          null,
          null,
          null,
          null,
          null,
          null,
          null,
          null
        ]
      },
      "/workspaces/managers_system/config/initializers/content_security_policy.rb": {
        "lines": [
          null,
          null,
          null,
          null,
          null,
          null,
          null,
          null,
          null,
          null,
          null,
          null,
          null,
          null,
          null,
          null,
          null,
          null,
          null,
          null,
          null,
          null,
          null,
          null,
          null,
          null,
          null
        ]
      },
      "/workspaces/managers_system/config/initializers/devise.rb": {
        "lines": [
          null,
          null,
          null,
          null,
          null,
          null,
          null,
          null,
          null,
          null,
          1,
          null,
          null,
          null,
          null,
          null,
          null,
          null,
          null,
          null,
          null,
          null,
          null,
          null,
          null,
          null,
          1,
          null,
          null,
          null,
          null,
          null,
          null,
          null,
          null,
          null,
          null,
          null,
          1,
          null,
          null,
          null,
          null,
          null,
          null,
          null,
          null,
          null,
          null,
          null,
          null,
          null,
          null,
          null,
          null,
          null,
          null,
          null,
          null,
          null,
          1,
          null,
          null,
          null,
          null,
          1,
          null,
          null,
          null,
          null,
          null,
          null,
          null,
          null,
          null,
          null,
          null,
          null,
          null,
          null,
          null,
          null,
          null,
          null,
          null,
          null,
          null,
          null,
          null,
          null,
          null,
          null,
          null,
          null,
          null,
          null,
          null,
          null,
          null,
          1,
          null,
          null,
          null,
          null,
          null,
          null,
          null,
          null,
          null,
          null,
          null,
          null,
          null,
          null,
          null,
          null,
          null,
          null,
          null,
          null,
          null,
          null,
          null,
          null,
          null,
          1,
          null,
          null,
          null,
          null,
          null,
          null,
          null,
          null,
          null,
          null,
          null,
          null,
          null,
          null,
          null,
          null,
          null,
          null,
          null,
          null,
          null,
          null,
          null,
          null,
          null,
          null,
          null,
          null,
          null,
          null,
          null,
          null,
          null,
          1,
          null,
          null,
          null,
          null,
          null,
          null,
          null,
          null,
          null,
          1,
          null,
          null,
          null,
          null,
          null,
          null,
          null,
          null,
          null,
          null,
          1,
          null,
          null,
          null,
          null,
          1,
          null,
          null,
          null,
          null,
          null,
          null,
          null,
          null,
          null,
          null,
          null,
          null,
          null,
          null,
          null,
          null,
          null,
          null,
          null,
          null,
          null,
          null,
          null,
          null,
          null,
          null,
          null,
          null,
          null,
          null,
          null,
          null,
          null,
          null,
          null,
          null,
          null,
          null,
          null,
          null,
          1,
          null,
          null,
          null,
          null,
          null,
          null,
          null,
          null,
          null,
          null,
          null,
          null,
          null,
          null,
          null,
          null,
          null,
          null,
          null,
          null,
          null,
          null,
          null,
          null,
          null,
          null,
          null,
          null,
          null,
          null,
          null,
          null,
          null,
          null,
          null,
          null,
          null,
          null,
          null,
          null,
          null,
          1,
          null,
          null,
          null,
          null,
          null,
          null,
          null,
          null,
          null,
          null,
          null,
          null,
          null,
          null,
          null,
          null,
          null,
          null,
          null,
          null,
          null,
          null,
          null,
          null,
          null,
          null,
          null,
          null,
          null,
          null,
          null,
          null,
          null,
          null,
          null,
          1,
          1,
          null,
          null,
          null,
          null,
          null,
          null,
          null
        ]
      },
      "/workspaces/managers_system/config/initializers/filter_parameter_logging.rb": {
        "lines": [
          null,
          null,
          null,
          null,
          null,
          null,
          null,
          1,
          null,
          null
        ]
      },
      "/workspaces/managers_system/config/initializers/inflections.rb": {
        "lines": [
          null,
          null,
          null,
          null,
          null,
          null,
          null,
          null,
          null,
          null,
          null,
          null,
          null,
          null,
          null,
          null,
          null,
          null
        ]
      },
      "/workspaces/managers_system/config/initializers/permissions_policy.rb": {
        "lines": [
          null,
          null,
          null,
          null,
          null,
          null,
          null,
          null,
          null,
          null,
          null,
          null,
          null,
          null,
          null
        ]
      },
      "/workspaces/managers_system/config/initializers/phonelib.rb": {
        "lines": [
          null,
          null,
          1,
          1
        ]
      },
      "/workspaces/managers_system/spec/factories/appliers.rb": {
        "lines": [
          null,
          null,
          1,
          1,
          36,
          35,
          36,
          36,
          36,
          36,
          null,
          null,
          1,
          7,
          7,
          7,
          7,
          7,
          7,
          null,
          null
        ]
      },
      "/workspaces/managers_system/spec/factories/hirers.rb": {
        "lines": [
          null,
          null,
          1,
          1,
          40,
          40,
          40,
          36,
          35,
          35,
          40,
          null,
          null
        ]
      },
      "/workspaces/managers_system/spec/factories/users.rb": {
        "lines": [
          null,
          null,
          1,
          1,
          36,
          37,
          null,
          null
        ]
      },
      "/workspaces/managers_system/config/routes.rb": {
        "lines": [
          null,
          null,
          1,
          1,
          1,
          1,
          1,
          null,
          1,
          null,
          null,
          1,
          1,
          1,
          null,
          null,
          null,
          1,
          null,
          1,
          null,
          1,
          1,
          1,
          null
        ]
      },
      "/workspaces/managers_system/app/models/user.rb": {
        "lines": [
          null,
          null,
          1,
          null,
          null,
          1,
          null,
          null,
          2,
          null
        ]
      },
      "/workspaces/managers_system/app/models/application_record.rb": {
        "lines": [
          null,
          null,
          1,
          1,
          null
        ]
      },
      "/workspaces/managers_system/app/helpers/application_helper.rb": {
        "lines": [
          null,
          null,
          1,
          null
        ]
      },
      "/workspaces/managers_system/app/helpers/fields_helper.rb": {
        "lines": [
          null,
          null,
          1,
          1,
          122,
          6,
          6,
          28,
          6,
          6,
          null,
          70,
          null,
          null,
          null,
          1,
          20,
          14,
          null,
          6,
          null,
          null,
          null,
          1,
          6,
          null,
          null
        ]
      },
      "/workspaces/managers_system/spec/support/capybara.rb": {
        "lines": [
          null,
          null,
          1
        ]
      },
      "/workspaces/managers_system/spec/support/shoulda_matcher.rb": {
        "lines": [
          null,
          null,
          1,
          1,
          1,
          1,
          null,
          null
        ]
      },
      "/workspaces/managers_system/lib/validator/documents.rb": {
        "lines": [
          null,
          null,
          1,
          1,
          1,
          58,
          null,
          58,
          null,
          null,
          1,
          58,
          null,
          54,
          null,
          54,
          null,
          null,
          null
        ]
      },
      "/workspaces/managers_system/spec/models/applier_spec.rb": {
        "lines": [
          null,
          null,
          1,
          null,
          1,
          1,
          15,
          null,
          2,
          2,
          2,
          2,
          2,
          null,
          2,
          null,
          2,
          2,
          2,
          null,
          2,
          2,
          2,
          2,
          2,
          null,
          null
        ]
      },
      "/workspaces/managers_system/app/models/applier.rb": {
        "lines": [
          null,
          null,
          1,
          1,
          null,
          1,
          1,
          1,
          1,
          1,
          null
        ]
      },
      "/workspaces/managers_system/spec/models/hirer_spec.rb": {
        "lines": [
          null,
          null,
          1,
          null,
          1,
          1,
          12,
          null,
          2,
          2,
          2,
          2,
          2,
          null,
          2,
          2,
          2,
          null,
          2,
          2,
          2,
          null,
          1,
          1,
          2,
          null,
          2,
          null,
          null,
          1,
          2,
          null,
          2,
          null,
          null,
          null,
          1,
          1,
          2,
          null,
          2,
          null,
          null,
          1,
          2,
          null,
          2,
          null,
          null,
          null,
          null
        ]
      },
      "/workspaces/managers_system/app/models/hirer.rb": {
        "lines": [
          null,
          null,
          1,
          1,
          1,
          1,
          1,
          1,
          null,
          1,
          null,
          1,
          55,
          null,
          55,
          null,
          null,
          1,
          55,
          null,
          55,
          null,
          null
        ]
      },
      "/workspaces/managers_system/app/enumerations/hirer/status.rb": {
        "lines": [
          null,
          null,
          1,
          1,
          null,
          null,
          null,
          null
        ]
      },
      "/workspaces/managers_system/spec/models/user_spec.rb": {
        "lines": [
          null,
          null,
          1,
          null,
          1,
          1,
          4,
          null,
          2,
          2,
          null,
          2,
          null,
          null
        ]
      },
      "/workspaces/managers_system/spec/services/admin/applier/create_spec.rb": {
        "lines": [
          null,
          null,
          1,
          null,
          1,
          1,
          3,
          null,
          3,
          null,
          1,
          2,
          null,
          2,
          null,
          null,
          1,
          2,
          null,
          2,
          null,
          null,
          null
        ]
      },
      "/workspaces/managers_system/app/services/admin/applier/create.rb": {
        "lines": [
          null,
          null,
          1,
          1,
          1,
          1,
          6,
          null,
          null,
          1,
          6,
          null,
          6,
          null,
          null,
          1,
          null,
          1,
          6,
          null,
          null,
          null,
          null,
          null
        ]
      },
      "/workspaces/managers_system/spec/services/admin/applier/destroy_spec.rb": {
        "lines": [
          null,
          null,
          1,
          null,
          1,
          1,
          3,
          null,
          3,
          3,
          null,
          3,
          null,
          1,
          2,
          null,
          null,
          1,
          2,
          null,
          2,
          null,
          null,
          null
        ]
      },
      "/workspaces/managers_system/app/services/admin/applier/destroy.rb": {
        "lines": [
          null,
          null,
          1,
          1,
          1,
          1,
          4,
          null,
          null,
          1,
          4,
          null,
          4,
          null,
          null,
          1,
          null,
          1,
          4,
          4,
          null,
          null,
          null,
          null
        ]
      },
      "/workspaces/managers_system/spec/services/admin/applier/list_spec.rb": {
        "lines": [
          null,
          null,
          1,
          null,
          1,
          1,
          5,
          null,
          1,
          6,
          6,
          null,
          null,
          3,
          1,
          4,
          null,
          null,
          null,
          null,
          5,
          7,
          7,
          null,
          2,
          2,
          2,
          null,
          1,
          3,
          null,
          2,
          2,
          2,
          null,
          null,
          null
        ]
      },
      "/workspaces/managers_system/app/services/admin/applier/list.rb": {
        "lines": [
          null,
          null,
          1,
          1,
          1,
          1,
          18,
          18,
          18,
          18,
          null,
          null,
          1,
          18,
          null,
          null,
          null,
          null,
          1,
          null,
          1,
          18,
          18,
          18,
          18,
          null,
          null,
          1,
          36,
          null,
          null,
          1,
          18,
          null,
          null,
          null,
          null,
          null,
          null,
          1,
          18,
          null,
          18,
          null,
          0,
          null,
          null,
          1,
          18,
          null,
          null,
          1,
          18,
          null,
          null,
          1,
          18,
          null,
          null,
          null,
          null
        ]
      },
      "/workspaces/managers_system/spec/services/admin/applier/update_spec.rb": {
        "lines": [
          null,
          null,
          1,
          null,
          1,
          1,
          3,
          null,
          3,
          3,
          null,
          3,
          null,
          1,
          2,
          null,
          2,
          null,
          null,
          1,
          2,
          null,
          2,
          null,
          null,
          null
        ]
      },
      "/workspaces/managers_system/app/services/admin/applier/update.rb": {
        "lines": [
          null,
          null,
          1,
          1,
          1,
          1,
          5,
          5,
          null,
          null,
          1,
          5,
          null,
          null,
          null,
          null
        ]
      },
      "/workspaces/managers_system/spec/services/admin/hirer/create_spec.rb": {
        "lines": [
          null,
          null,
          1,
          null,
          1,
          1,
          3,
          null,
          3,
          null,
          1,
          2,
          null,
          2,
          null,
          null,
          1,
          2,
          null,
          2,
          null,
          null,
          null
        ]
      },
      "/workspaces/managers_system/app/services/admin/hirer/create.rb": {
        "lines": [
          null,
          null,
          1,
          1,
          1,
          1,
          5,
          null,
          null,
          1,
          5,
          null,
          5,
          null,
          null,
          1,
          null,
          1,
          5,
          null,
          null,
          null,
          null,
          null
        ]
      },
      "/workspaces/managers_system/spec/services/admin/hirer/destroy_spec.rb": {
        "lines": [
          null,
          null,
          1,
          null,
          1,
          1,
          3,
          null,
          3,
          3,
          null,
          3,
          null,
          1,
          2,
          null,
          null,
          1,
          2,
          null,
          2,
          null,
          null,
          null
        ]
      },
      "/workspaces/managers_system/app/services/admin/hirer/destroy.rb": {
        "lines": [
          null,
          null,
          1,
          1,
          1,
          1,
          4,
          null,
          null,
          1,
          3,
          null,
          3,
          null,
          null,
          1,
          null,
          1,
          3,
          3,
          null,
          null,
          null,
          null
        ]
      },
      "/workspaces/managers_system/spec/services/admin/hirer/list_spec.rb": {
        "lines": [
          null,
          null,
          1,
          null,
          1,
          1,
          5,
          null,
          3,
          1,
          4,
          null,
          null,
          null,
          null,
          null,
          5,
          7,
          null,
          7,
          null,
          2,
          2,
          2,
          null,
          1,
          4,
          1,
          3,
          null,
          null,
          null,
          null,
          null,
          null,
          3,
          null,
          4,
          null,
          2,
          2,
          2,
          null,
          null,
          null
        ]
      },
      "/workspaces/managers_system/app/services/admin/hirer/list.rb": {
        "lines": [
          null,
          null,
          1,
          1,
          1,
          1,
          17,
          17,
          17,
          17,
          null,
          null,
          1,
          17,
          null,
          null,
          null,
          null,
          1,
          null,
          1,
          17,
          17,
          17,
          17,
          null,
          null,
          1,
          34,
          null,
          null,
          1,
          17,
          null,
          null,
          null,
          null,
          null,
          null,
          1,
          17,
          null,
          17,
          null,
          0,
          null,
          null,
          1,
          17,
          null,
          null,
          1,
          17,
          null,
          null,
          1,
          17,
          null,
          null,
          null,
          null
        ]
      },
      "/workspaces/managers_system/spec/services/admin/hirer/update_spec.rb": {
        "lines": [
          null,
          null,
          1,
          null,
          1,
          1,
          3,
          null,
          3,
          3,
          null,
          3,
          null,
          1,
          2,
          null,
          2,
          null,
          null,
          1,
          2,
          null,
          2,
          null,
          null,
          null
        ]
      },
      "/workspaces/managers_system/app/services/admin/hirer/update.rb": {
        "lines": [
          null,
          null,
          1,
          1,
          1,
          1,
          5,
          5,
          null,
          null,
          1,
          5,
          null,
          null,
          null,
          null
        ]
      },
      "/workspaces/managers_system/spec/system/admin/applier/authentication_spec.rb": {
        "lines": [
          null,
          null,
          1,
          null,
          1,
          2,
          null,
          1,
          1,
          1,
          1,
          null,
          1,
          null,
          null,
          null,
          1,
          1,
          1,
          null,
          1,
          null,
          null,
          null
        ]
      },
      "/workspaces/managers_system/spec/system/admin/applier/authorization_spec.rb": {
        "lines": [
          null,
          null,
          1,
          null,
          1,
          3,
          null,
          1,
          2,
          2,
          null,
          null,
          1,
          2,
          null,
          1,
          1,
          null,
          1,
          null,
          null,
          null,
          1,
          2,
          null,
          1,
          1,
          null,
          1,
          null,
          null,
          null
        ]
      },
      "/workspaces/managers_system/spec/system/admin/applier/create_spec.rb": {
        "lines": [
          null,
          null,
          1,
          null,
          1,
          5,
          null,
          1,
          1,
          1,
          1,
          1,
          1,
          1,
          1,
          1,
          1,
          1,
          1,
          1,
          null,
          1,
          1,
          null,
          null,
          null,
          1,
          1,
          1,
          1,
          1,
          1,
          1,
          1,
          1,
          1,
          1,
          1,
          null,
          1,
          1,
          1,
          null,
          null,
          null,
          1,
          1,
          1,
          1,
          1,
          1,
          1,
          1,
          1,
          1,
          1,
          1,
          1,
          null,
          1,
          null,
          null,
          null,
          1,
          1,
          1,
          1,
          1,
          1,
          1,
          1,
          1,
          1,
          1,
          1,
          1,
          null,
          1,
          null,
          null,
          null,
          null
        ]
      },
      "/workspaces/managers_system/spec/system/admin/applier/destroy_spec.rb": {
        "lines": [
          null,
          null,
          1,
          null,
          1,
          3,
          3,
          null,
          1,
          2,
          null,
          null,
          1,
          2,
          null,
          1,
          1,
          1,
          1,
          null,
          1,
          1,
          null,
          null,
          null,
          1,
          1,
          1,
          1,
          null,
          null,
          null,
          null,
          null,
          null,
          null,
          1,
          1,
          1,
          1,
          null,
          1,
          1,
          null,
          null,
          null
        ]
      },
      "/workspaces/managers_system/spec/system/admin/applier/edit_spec.rb": {
        "lines": [
          null,
          null,
          1,
          null,
          1,
          4,
          4,
          null,
          4,
          null,
          1,
          1,
          1,
          1,
          1,
          1,
          1,
          1,
          1,
          null,
          1,
          1,
          null,
          null,
          null,
          1,
          1,
          1,
          1,
          1,
          1,
          1,
          1,
          1,
          1,
          null,
          1,
          1,
          null,
          null,
          null,
          1,
          1,
          1,
          1,
          1,
          1,
          1,
          1,
          1,
          null,
          1,
          1,
          null,
          null,
          null,
          null
        ]
      },
      "/workspaces/managers_system/spec/system/admin/applier/show_spec.rb": {
        "lines": [
          null,
          null,
          1,
          null,
          1,
          3,
          3,
          null,
          1,
          2,
          null,
          null,
          1,
          2,
          null,
          1,
          1,
          1,
          1,
          null,
          1,
          1,
          null,
          null,
          null,
          1,
          1,
          1,
          null,
          1,
          null,
          null,
          null
        ]
      },
      "/workspaces/managers_system/spec/system/admin/hirer/authentication_spec.rb": {
        "lines": [
          null,
          null,
          1,
          null,
          1,
          2,
          null,
          1,
          1,
          1,
          1,
          null,
          1,
          null,
          null,
          null,
          1,
          1,
          1,
          null,
          1,
          null,
          null,
          null
        ]
      },
      "/workspaces/managers_system/spec/system/admin/hirer/authorization_spec.rb": {
        "lines": [
          null,
          null,
          1,
          null,
          1,
          3,
          null,
          1,
          2,
          2,
          null,
          null,
          1,
          2,
          null,
          1,
          1,
          null,
          1,
          null,
          null,
          null,
          1,
          2,
          null,
          1,
          1,
          null,
          1,
          null,
          null,
          null
        ]
      },
      "/workspaces/managers_system/spec/system/admin/hirer/create_spec.rb": {
        "lines": [
          null,
          null,
          1,
          null,
          1,
          4,
          null,
          1,
          1,
          1,
          1,
          1,
          1,
          1,
          1,
          1,
          1,
          1,
          1,
          null,
          1,
          1,
          null,
          null,
          null,
          1,
          1,
          1,
          1,
          1,
          1,
          1,
          1,
          1,
          1,
          1,
          null,
          1,
          1,
          1,
          null,
          null,
          null,
          1,
          1,
          1,
          1,
          1,
          1,
          1,
          1,
          1,
          1,
          1,
          null,
          1,
          null,
          null,
          null,
          null
        ]
      },
      "/workspaces/managers_system/spec/system/admin/hirer/destroy_spec.rb": {
        "lines": [
          null,
          null,
          1,
          null,
          1,
          3,
          3,
          null,
          1,
          2,
          null,
          null,
          1,
          2,
          null,
          1,
          1,
          1,
          1,
          null,
          1,
          1,
          null,
          null,
          null,
          1,
          1,
          1,
          1,
          null,
          null,
          null,
          null,
          null,
          1,
          1,
          1,
          1,
          null,
          1,
          1,
          null,
          null,
          null
        ]
      },
      "/workspaces/managers_system/spec/system/admin/hirer/edit_spec.rb": {
        "lines": [
          null,
          null,
          1,
          null,
          1,
          4,
          4,
          null,
          4,
          null,
          1,
          1,
          1,
          1,
          1,
          1,
          1,
          1,
          1,
          null,
          1,
          1,
          null,
          null,
          null,
          1,
          1,
          1,
          1,
          1,
          1,
          1,
          1,
          1,
          1,
          null,
          1,
          1,
          null,
          null,
          null,
          1,
          1,
          1,
          1,
          1,
          1,
          1,
          1,
          1,
          null,
          1,
          1,
          null,
          null,
          null,
          null
        ]
      },
      "/workspaces/managers_system/spec/system/admin/hirer/show_spec.rb": {
        "lines": [
          null,
          null,
          1,
          null,
          1,
          3,
          3,
          null,
          1,
          2,
          null,
          null,
          1,
          2,
          null,
          1,
          1,
          1,
          1,
          null,
          1,
          1,
          null,
          null,
          null,
          1,
          1,
          1,
          null,
          1,
          null,
          null,
          null
        ]
      },
      "/workspaces/managers_system/spec/system/admin/welcome_spec.rb": {
        "lines": [
          null,
          null,
          1,
          null,
          1,
          1,
          2,
          null,
          null,
          1,
          2,
          null,
          1,
          1,
          null,
          1,
          1,
          1,
          null,
          null,
          null,
          1,
          2,
          null,
          1,
          1,
          null,
          1,
          null,
          null,
          null
        ]
      },
      "/workspaces/managers_system/spec/system/users_spec.rb": {
        "lines": [
          null,
          null,
          1,
          null,
          1,
          1,
          3,
          null,
          null,
          1,
          3,
          2,
          null,
          1,
          1,
          1,
          null,
          1,
          1,
          1,
          null,
          null,
          1,
          1,
          1,
          1,
          1,
          1,
          null,
          1,
          1,
          null,
          null,
          null,
          1,
          2,
          null,
          1,
          1,
          null,
          1,
          null,
          null,
          null
        ]
      },
      "/workspaces/managers_system/app/dashboards/applier_dashboard.rb": {
        "lines": [
          null,
          null,
          1,
          null,
          1,
          null,
          null,
          null,
          null,
          null,
          null,
          null,
          1,
          null,
          null,
          null,
          null,
          null,
          null,
          null,
          null,
          null,
          null,
          null,
          null,
          null,
          null,
          null,
          1,
          null,
          null,
          null,
          null,
          null,
          null,
          null,
          1,
          null,
          null,
          null,
          null,
          null,
          null,
          null,
          null,
          null,
          null,
          null,
          null,
          1,
          null,
          null,
          null,
          null,
          null,
          null,
          null,
          null,
          null,
          null,
          null,
          null,
          null,
          null,
          null,
          null,
          null,
          null,
          1,
          null,
          null,
          null,
          null,
          1,
          22,
          null,
          null
        ]
      },
      "/workspaces/managers_system/app/dashboards/hirer_dashboard.rb": {
        "lines": [
          null,
          null,
          1,
          null,
          1,
          null,
          null,
          null,
          null,
          null,
          null,
          null,
          1,
          null,
          null,
          null,
          null,
          null,
          null,
          null,
          null,
          null,
          null,
          null,
          null,
          null,
          null,
          null,
          null,
          1,
          null,
          null,
          null,
          null,
          null,
          null,
          null,
          null,
          null,
          null,
          1,
          null,
          null,
          null,
          null,
          null,
          null,
          null,
          null,
          null,
          null,
          null,
          null,
          null,
          1,
          null,
          null,
          null,
          null,
          null,
          null,
          null,
          null,
          null,
          null,
          null,
          null,
          null,
          null,
          null,
          null,
          null,
          null,
          null,
          1,
          null,
          null,
          null,
          null,
          1,
          22,
          null,
          null
        ]
      },
      "/workspaces/managers_system/app/controllers/admin/appliers_controller.rb": {
        "lines": [
          null,
          null,
          1,
          1,
          1,
          null,
          1,
          14,
          null,
          null,
          null,
          null,
          null,
          null,
          14,
          null,
          null,
          null,
          null,
          null,
          null,
          null,
          1,
          4,
          4,
          1,
          null,
          null,
          null,
          null,
          3,
          null,
          null,
          null,
          null,
          null,
          1,
          3,
          null,
          null,
          null,
          null,
          3,
          1,
          null,
          null,
          null,
          null,
          null,
          2,
          null,
          null,
          null,
          null,
          null,
          1,
          2,
          null,
          2,
          1,
          null,
          1,
          null,
          null,
          2,
          null,
          null,
          null,
          null,
          null,
          null,
          null,
          null,
          null,
          null,
          null,
          null,
          null,
          null,
          null,
          null,
          null,
          null,
          null,
          null,
          null,
          null,
          null,
          null,
          null,
          null,
          null,
          null,
          null,
          null,
          null,
          null,
          null,
          null,
          null,
          null,
          null,
          null,
          null,
          null,
          null,
          null,
          null,
          null,
          null,
          null
        ]
      },
      "/workspaces/managers_system/app/controllers/admin/application_controller.rb": {
        "lines": [
          null,
          null,
          1,
          1,
          1,
          null,
          1,
          1,
          null,
          1,
          96,
          null,
          3,
          null,
          null,
          1,
          null,
          1,
          34,
          27,
          null,
          7,
          null,
          7,
          null,
          null,
          null,
          null,
          null,
          null,
          null,
          null,
          null,
          null
        ]
      },
      "/workspaces/managers_system/app/controllers/application_controller.rb": {
        "lines": [
          null,
          null,
          1,
          null,
          1,
          null
        ]
      },
      "/workspaces/managers_system/app/dashboards/welcome_dashboard.rb": {
        "lines": [
          null,
          null,
          1,
          null,
          1,
          1,
          null
        ]
      },
      "/workspaces/managers_system/app/controllers/admin/welcomes_controller.rb": {
        "lines": [
          null,
          null,
          1,
          1,
          1,
          null,
          null
        ]
      },
      "/workspaces/managers_system/app/controllers/admin/hirers_controller.rb": {
        "lines": [
          null,
          null,
          1,
          1,
          1,
          null,
          1,
          13,
          null,
          null,
          null,
          null,
          null,
          null,
          13,
          null,
          null,
          null,
          null,
          null,
          null,
          null,
          1,
          3,
          null,
          3,
          1,
          null,
          null,
          null,
          null,
          2,
          null,
          null,
          null,
          null,
          null,
          1,
          3,
          null,
          null,
          null,
          null,
          3,
          1,
          null,
          null,
          null,
          null,
          null,
          2,
          null,
          null,
          null,
          null,
          null,
          1,
          2,
          null,
          2,
          1,
          null,
          1,
          null,
          null,
          2,
          null,
          null,
          null,
          null,
          null,
          null,
          null,
          null,
          null,
          null,
          null,
          null,
          null,
          null,
          null,
          null,
          null,
          null,
          null,
          null,
          null,
          null,
          null,
          null,
          null,
          null,
          null,
          null,
          null,
          null,
          null,
          null,
          null,
          null,
          null,
          null,
          null,
          null
        ]
      },
      "/workspaces/managers_system/app/controllers/users_controller.rb": {
        "lines": [
          null,
          null,
          1,
          1,
          null,
          1,
          4,
          4,
          null,
          null,
          1,
          1,
          1,
          null,
          1,
          null,
          null,
          1,
          null,
          1,
          6,
          null,
          1,
          null,
          null
        ]
      }
    },
    "timestamp": 1727403048
  }
}
